<?xml version="1.0" encoding="UTF-8" standalone="no"?>
<!DOCTYPE log SYSTEM "logger.dtd">
<head/><log>
<record>
  <date>2016-11-23T16:06:25.785-0300</date>
  <logger>JOSE IVAN SILVA DA CRUZ JUNIOR</logger>
  <level>FINE</level>
  <message>File 115210700-JOSE IVAN SILVA DA CRUZ JUNIOR.zip was received. It was sent by JOSE IVAN SILVA DA CRUZ JUNIOR from IP 150.165.74.138</message>
</record>
</log>
<?xml version="1.0" encoding="UTF-8" standalone="no"?>
<!DOCTYPE log SYSTEM "logger.dtd">
<log>
<record>
  <date>2016-11-23T21:19:32.229-0300</date>
  <logger>JOSE IVAN SILVA DA CRUZ JUNIOR</logger>
  <level>FINE</level>
  <message>File 115210700-JOSE IVAN SILVA DA CRUZ JUNIOR.zip was received. It was sent by JOSE IVAN SILVA DA CRUZ JUNIOR from IP 127.0.1.1</message>
</record>
</log>
<?xml version="1.0" encoding="UTF-8" standalone="no"?>
<!DOCTYPE log SYSTEM "logger.dtd">
<log>
<record>
  <date>2016-11-23T21:30:36.693-0300</date>
  <logger>JOSE IVAN SILVA DA CRUZ JUNIOR</logger>
  <level>FINE</level>
  <message>File 115210700-JOSE IVAN SILVA DA CRUZ JUNIOR.zip was received. It was sent by JOSE IVAN SILVA DA CRUZ JUNIOR from IP 127.0.1.1</message>
</record>
