#
# There is insufficient memory for the Java Runtime Environment to continue.
# Native memory allocation (mmap) failed to map 94371840 bytes for committing reserved memory.
# Possible reasons:
#   The system is out of physical RAM or swap space
#   In 32 bit mode, the process size limit was hit
# Possible solutions:
#   Reduce memory load on the system
#   Increase physical memory or swap space
#   Check if swap backing store is full
#   Use 64 bit Java on a 64 bit OS
#   Decrease Java heap size (-Xmx/-Xms)
#   Decrease number of Java threads
#   Decrease Java thread stack sizes (-Xss)
#   Set larger code cache with -XX:ReservedCodeCacheSize=
# This output file may be truncated or incomplete.
#
#  Out of Memory Error (os_linux.cpp:2627), pid=6932, tid=0x00007fc970142700
#
# JRE version: Java(TM) SE Runtime Environment (8.0_111-b14) (build 1.8.0_111-b14)
# Java VM: Java HotSpot(TM) 64-Bit Server VM (25.111-b14 mixed mode linux-amd64 compressed oops)
# Failed to write core dump. Core dumps have been disabled. To enable core dumping, try "ulimit -c unlimited" before starting Java again
#

---------------  T H R E A D  ---------------

Current thread (0x00007fc96c078000):  VMThread [stack: 0x00007fc970042000,0x00007fc970143000] [id=6944]

Stack: [0x00007fc970042000,0x00007fc970143000],  sp=0x00007fc9701412e0,  free space=1020k
Native frames: (J=compiled Java code, j=interpreted, Vv=VM code, C=native code)
V  [libjvm.so+0xac5c2a]  VMError::report_and_die()+0x2ba
V  [libjvm.so+0x4fc50b]  report_vm_out_of_memory(char const*, int, unsigned long, VMErrorType, char const*)+0x8b
V  [libjvm.so+0x922ae3]  os::Linux::commit_memory_impl(char*, unsigned long, bool)+0x103
V  [libjvm.so+0x923039]  os::pd_commit_memory(char*, unsigned long, unsigned long, bool)+0x29
V  [libjvm.so+0x91d33a]  os::commit_memory(char*, unsigned long, unsigned long, bool)+0x2a
V  [libjvm.so+0x991ac3]  PSVirtualSpace::expand_by(unsigned long)+0x53
V  [libjvm.so+0x992ec8]  PSYoungGen::resize_generation(unsigned long, unsigned long)+0xf8
V  [libjvm.so+0x992022]  PSYoungGen::resize(unsigned long, unsigned long)+0x22
V  [libjvm.so+0x98f2fb]  PSScavenge::invoke_no_policy()+0xf3b
V  [libjvm.so+0x98fa81]  PSScavenge::invoke()+0x41
V  [libjvm.so+0x9467d0]  ParallelScavengeHeap::failed_mem_allocate(unsigned long)+0x70
V  [libjvm.so+0xac7647]  VM_ParallelGCFailedAllocation::doit()+0x97
V  [libjvm.so+0xacf125]  VM_Operation::evaluate()+0x55
V  [libjvm.so+0xacd4fa]  VMThread::evaluate_operation(VM_Operation*)+0xba
V  [libjvm.so+0xacd87e]  VMThread::loop()+0x1ce
V  [libjvm.so+0xacdcf0]  VMThread::run()+0x70
V  [libjvm.so+0x924ea8]  java_start(Thread*)+0x108

VM_Operation (0x00007fc9757aece0): ParallelGCFailedAllocation, mode: safepoint, requested by thread 0x00007fc96c00a000


---------------  P R O C E S S  ---------------

Java Threads: ( => current thread )
  0x00007fc96c8a1000 JavaThread "OkHttp ConnectionPool" daemon [_thread_blocked, id=6954, stack(0x00007fc958789000,0x00007fc95888a000)]
  0x00007fc96c78b800 JavaThread "Okio Watchdog" daemon [_thread_blocked, id=6953, stack(0x00007fc958a8a000,0x00007fc958b8b000)]
  0x00007fc96c0c0800 JavaThread "Service Thread" daemon [_thread_blocked, id=6951, stack(0x00007fc95a3e5000,0x00007fc95a4e6000)]
  0x00007fc96c0bd000 JavaThread "C1 CompilerThread2" daemon [_thread_blocked, id=6950, stack(0x00007fc95a4e6000,0x00007fc95a5e7000)]
  0x00007fc96c0bb800 JavaThread "C2 CompilerThread1" daemon [_thread_blocked, id=6949, stack(0x00007fc95a5e7000,0x00007fc95a6e8000)]
  0x00007fc96c0b8800 JavaThread "C2 CompilerThread0" daemon [_thread_blocked, id=6948, stack(0x00007fc95a6e8000,0x00007fc95a7e9000)]
  0x00007fc96c0b7000 JavaThread "Signal Dispatcher" daemon [_thread_blocked, id=6947, stack(0x00007fc95a7e9000,0x00007fc95a8ea000)]
  0x00007fc96c084000 JavaThread "Finalizer" daemon [_thread_blocked, id=6946, stack(0x00007fc95afce000,0x00007fc95b0cf000)]
  0x00007fc96c07f800 JavaThread "Reference Handler" daemon [_thread_blocked, id=6945, stack(0x00007fc95b0cf000,0x00007fc95b1d0000)]
  0x00007fc96c00a000 JavaThread "main" [_thread_blocked, id=6938, stack(0x00007fc9756b2000,0x00007fc9757b3000)]

Other Threads:
=>0x00007fc96c078000 VMThread [stack: 0x00007fc970042000,0x00007fc970143000] [id=6944]
  0x00007fc96c0c3000 WatcherThread [stack: 0x00007fc95a2e4000,0x00007fc95a3e5000] [id=6952]

VM state:at safepoint (normal execution)

VM Mutex/Monitor currently owned by a thread:  ([mutex/lock_event])
[0x00007fc96c0064d0] Threads_lock - owner thread: 0x00007fc96c078000
[0x00007fc96c0069d0] Heap_lock - owner thread: 0x00007fc96c00a000

Heap:
 PSYoungGen      total 137216K, used 9081K [0x00000000ebe00000, 0x00000000f4e00000, 0x0000000100000000)
  eden space 126976K, 0% used [0x00000000ebe00000,0x00000000ebe00000,0x00000000f3a00000)
  from space 10240K, 88% used [0x00000000f3a00000,0x00000000f42de7c0,0x00000000f4400000)
  to   space 9728K, 0% used [0x00000000f4480000,0x00000000f4480000,0x00000000f4e00000)
 ParOldGen       total 37376K, used 9357K [0x00000000c3a00000, 0x00000000c5e80000, 0x00000000ebe00000)
  object space 37376K, 25% used [0x00000000c3a00000,0x00000000c4323490,0x00000000c5e80000)
 Metaspace       used 26609K, capacity 27218K, committed 27520K, reserved 1073152K
  class space    used 3145K, capacity 3335K, committed 3456K, reserved 1048576K

Card table byte_map: [0x00007fc97227b000,0x00007fc97245f000] byte_map_base: 0x00007fc971c5e000

Marking Bits: (ParMarkBitMap*) 0x00007fc974b81220
 Begin Bits: [0x00007fc95b1d0000, 0x00007fc95c0e8000)
 End Bits:   [0x00007fc95c0e8000, 0x00007fc95d000000)

Polling page: 0x00007fc9757cb000

CodeCache: size=245760Kb used=13735Kb max_used=13735Kb free=232024Kb
 bounds [0x00007fc95d000000, 0x00007fc95dd80000, 0x00007fc96c000000]
 total_blobs=4613 nmethods=4185 adapters=340
 compilation: enabled

Compilation events (10 events):
Event: 21,516 Thread 0x00007fc96c0bd000 4216       3       com.squareup.okhttp.Headers$Builder::set (21 bytes)
Event: 21,516 Thread 0x00007fc96c0bd000 nmethod 4216 0x00007fc95dd6c010 code [0x00007fc95dd6c1c0, 0x00007fc95dd6c748]
Event: 21,516 Thread 0x00007fc96c0bd000 4217       3       com.squareup.okhttp.Response::header (7 bytes)
Event: 21,517 Thread 0x00007fc96c0bd000 nmethod 4217 0x00007fc95dd6b990 code [0x00007fc95dd6bb20, 0x00007fc95dd6bec8]
Event: 21,517 Thread 0x00007fc96c0bd000 4218       3       okio.Timeout::throwIfReached (47 bytes)
Event: 21,517 Thread 0x00007fc96c0bd000 nmethod 4218 0x00007fc95dd6b150 code [0x00007fc95dd6b300, 0x00007fc95dd6b7a8]
Event: 21,517 Thread 0x00007fc96c0bd000 4219   !   3       java.net.IDN::toASCIIInternal (258 bytes)
Event: 21,520 Thread 0x00007fc96c0bd000 nmethod 4219 0x00007fc95dd71bd0 code [0x00007fc95dd71fc0, 0x00007fc95dd74ad8]
Event: 21,520 Thread 0x00007fc96c0bd000 4220       3       java.lang.StringBuffer::<init> (18 bytes)
Event: 21,520 Thread 0x00007fc96c0bd000 nmethod 4220 0x00007fc95dd70450 code [0x00007fc95dd705e0, 0x00007fc95dd70c48]

GC Heap History (10 events):
Event: 2,013 GC heap after
Heap after GC invocations=3 (full 0):
 PSYoungGen      total 34304K, used 2528K [0x00000000ebe00000, 0x00000000f0100000, 0x0000000100000000)
  eden space 31744K, 0% used [0x00000000ebe00000,0x00000000ebe00000,0x00000000edd00000)
  from space 2560K, 98% used [0x00000000edd00000,0x00000000edf78020,0x00000000edf80000)
  to   space 2560K, 0% used [0x00000000efe80000,0x00000000efe80000,0x00000000f0100000)
 ParOldGen       total 42496K, used 3719K [0x00000000c3a00000, 0x00000000c6380000, 0x00000000ebe00000)
  object space 42496K, 8% used [0x00000000c3a00000,0x00000000c3da1ef8,0x00000000c6380000)
 Metaspace       used 10644K, capacity 10858K, committed 11136K, reserved 1058816K
  class space    used 1319K, capacity 1383K, committed 1408K, reserved 1048576K
}
Event: 3,103 GC heap before
{Heap before GC invocations=4 (full 0):
 PSYoungGen      total 34304K, used 34272K [0x00000000ebe00000, 0x00000000f0100000, 0x0000000100000000)
  eden space 31744K, 100% used [0x00000000ebe00000,0x00000000edd00000,0x00000000edd00000)
  from space 2560K, 98% used [0x00000000edd00000,0x00000000edf78020,0x00000000edf80000)
  to   space 2560K, 0% used [0x00000000efe80000,0x00000000efe80000,0x00000000f0100000)
 ParOldGen       total 42496K, used 3719K [0x00000000c3a00000, 0x00000000c6380000, 0x00000000ebe00000)
  object space 42496K, 8% used [0x00000000c3a00000,0x00000000c3da1ef8,0x00000000c6380000)
 Metaspace       used 14469K, capacity 14742K, committed 14976K, reserved 1062912K
  class space    used 1789K, capacity 1875K, committed 1920K, reserved 1048576K
Event: 3,125 GC heap after
Heap after GC invocations=4 (full 0):
 PSYoungGen      total 66048K, used 2528K [0x00000000ebe00000, 0x00000000f0100000, 0x0000000100000000)
  eden space 63488K, 0% used [0x00000000ebe00000,0x00000000ebe00000,0x00000000efc00000)
  from space 2560K, 98% used [0x00000000efe80000,0x00000000f00f8020,0x00000000f0100000)
  to   space 2560K, 0% used [0x00000000efc00000,0x00000000efc00000,0x00000000efe80000)
 ParOldGen       total 42496K, used 8433K [0x00000000c3a00000, 0x00000000c6380000, 0x00000000ebe00000)
  object space 42496K, 19% used [0x00000000c3a00000,0x00000000c423c5d8,0x00000000c6380000)
 Metaspace       used 14469K, capacity 14742K, committed 14976K, reserved 1062912K
  class space    used 1789K, capacity 1875K, committed 1920K, reserved 1048576K
}
Event: 7,631 GC heap before
{Heap before GC invocations=5 (full 0):
 PSYoungGen      total 66048K, used 66016K [0x00000000ebe00000, 0x00000000f0100000, 0x0000000100000000)
  eden space 63488K, 100% used [0x00000000ebe00000,0x00000000efc00000,0x00000000efc00000)
  from space 2560K, 98% used [0x00000000efe80000,0x00000000f00f8020,0x00000000f0100000)
  to   space 2560K, 0% used [0x00000000efc00000,0x00000000efc00000,0x00000000efe80000)
 ParOldGen       total 42496K, used 8433K [0x00000000c3a00000, 0x00000000c6380000, 0x00000000ebe00000)
  object space 42496K, 19% used [0x00000000c3a00000,0x00000000c423c5d8,0x00000000c6380000)
 Metaspace       used 20097K, capacity 20490K, committed 20736K, reserved 1067008K
  class space    used 2376K, capacity 2541K, committed 2560K, reserved 1048576K
Event: 7,665 GC heap after
Heap after GC invocations=5 (full 0):
 PSYoungGen      total 66048K, used 2528K [0x00000000ebe00000, 0x00000000f4f00000, 0x0000000100000000)
  eden space 63488K, 0% used [0x00000000ebe00000,0x00000000ebe00000,0x00000000efc00000)
  from space 2560K, 98% used [0x00000000efc00000,0x00000000efe78020,0x00000000efe80000)
  to   space 10752K, 0% used [0x00000000f4480000,0x00000000f4480000,0x00000000f4f00000)
 ParOldGen       total 42496K, used 15047K [0x00000000c3a00000, 0x00000000c6380000, 0x00000000ebe00000)
  object space 42496K, 35% used [0x00000000c3a00000,0x00000000c48b1f50,0x00000000c6380000)
 Metaspace       used 20097K, capacity 20490K, committed 20736K, reserved 1067008K
  class space    used 2376K, capacity 2541K, committed 2560K, reserved 1048576K
}
Event: 7,916 GC heap before
{Heap before GC invocations=6 (full 0):
 PSYoungGen      total 66048K, used 16482K [0x00000000ebe00000, 0x00000000f4f00000, 0x0000000100000000)
  eden space 63488K, 21% used [0x00000000ebe00000,0x00000000ecba0a50,0x00000000efc00000)
  from space 2560K, 98% used [0x00000000efc00000,0x00000000efe78020,0x00000000efe80000)
  to   space 10752K, 0% used [0x00000000f4480000,0x00000000f4480000,0x00000000f4f00000)
 ParOldGen       total 42496K, used 15047K [0x00000000c3a00000, 0x00000000c6380000, 0x00000000ebe00000)
  object space 42496K, 35% used [0x00000000c3a00000,0x00000000c48b1f50,0x00000000c6380000)
 Metaspace       used 20677K, capacity 21090K, committed 21296K, reserved 1069056K
  class space    used 2452K, capacity 2613K, committed 2688K, reserved 1048576K
Event: 7,951 GC heap after
Heap after GC invocations=6 (full 0):
 PSYoungGen      total 136704K, used 3828K [0x00000000ebe00000, 0x00000000f4e00000, 0x0000000100000000)
  eden space 126976K, 0% used [0x00000000ebe00000,0x00000000ebe00000,0x00000000f3a00000)
  from space 9728K, 39% used [0x00000000f4480000,0x00000000f483d000,0x00000000f4e00000)
  to   space 10240K, 0% used [0x00000000f3a00000,0x00000000f3a00000,0x00000000f4400000)
 ParOldGen       total 42496K, used 15055K [0x00000000c3a00000, 0x00000000c6380000, 0x00000000ebe00000)
  object space 42496K, 35% used [0x00000000c3a00000,0x00000000c48b3f50,0x00000000c6380000)
 Metaspace       used 20677K, capacity 21090K, committed 21296K, reserved 1069056K
  class space    used 2452K, capacity 2613K, committed 2688K, reserved 1048576K
}
Event: 7,951 GC heap before
{Heap before GC invocations=7 (full 1):
 PSYoungGen      total 136704K, used 3828K [0x00000000ebe00000, 0x00000000f4e00000, 0x0000000100000000)
  eden space 126976K, 0% used [0x00000000ebe00000,0x00000000ebe00000,0x00000000f3a00000)
  from space 9728K, 39% used [0x00000000f4480000,0x00000000f483d000,0x00000000f4e00000)
  to   space 10240K, 0% used [0x00000000f3a00000,0x00000000f3a00000,0x00000000f4400000)
 ParOldGen       total 42496K, used 15055K [0x00000000c3a00000, 0x00000000c6380000, 0x00000000ebe00000)
  object space 42496K, 35% used [0x00000000c3a00000,0x00000000c48b3f50,0x00000000c6380000)
 Metaspace       used 20677K, capacity 21090K, committed 21296K, reserved 1069056K
  class space    used 2452K, capacity 2613K, committed 2688K, reserved 1048576K
Event: 8,060 GC heap after
Heap after GC invocations=7 (full 1):
 PSYoungGen      total 136704K, used 0K [0x00000000ebe00000, 0x00000000f4e00000, 0x0000000100000000)
  eden space 126976K, 0% used [0x00000000ebe00000,0x00000000ebe00000,0x00000000f3a00000)
  from space 9728K, 0% used [0x00000000f4480000,0x00000000f4480000,0x00000000f4e00000)
  to   space 10240K, 0% used [0x00000000f3a00000,0x00000000f3a00000,0x00000000f4400000)
 ParOldGen       total 37376K, used 9349K [0x00000000c3a00000, 0x00000000c5e80000, 0x00000000ebe00000)
  object space 37376K, 25% used [0x00000000c3a00000,0x00000000c4321490,0x00000000c5e80000)
 Metaspace       used 20677K, capacity 21090K, committed 21296K, reserved 1069056K
  class space    used 2452K, capacity 2613K, committed 2688K, reserved 1048576K
}
Event: 21,627 GC heap before
{Heap before GC invocations=8 (full 1):
 PSYoungGen      total 136704K, used 126976K [0x00000000ebe00000, 0x00000000f4e00000, 0x0000000100000000)
  eden space 126976K, 100% used [0x00000000ebe00000,0x00000000f3a00000,0x00000000f3a00000)
  from space 9728K, 0% used [0x00000000f4480000,0x00000000f4480000,0x00000000f4e00000)
  to   space 10240K, 0% used [0x00000000f3a00000,0x00000000f3a00000,0x00000000f4400000)
 ParOldGen       total 37376K, used 9349K [0x00000000c3a00000, 0x00000000c5e80000, 0x00000000ebe00000)
  object space 37376K, 25% used [0x00000000c3a00000,0x00000000c4321490,0x00000000c5e80000)
 Metaspace       used 26609K, capacity 27218K, committed 27520K, reserved 1073152K
  class space    used 3145K, capacity 3335K, committed 3456K, reserved 1048576K

Deoptimization events (10 events):
Event: 8,346 Thread 0x00007fc96c00a000 Uncommon trap: reason=class_check action=maybe_recompile pc=0x00007fc95d943230 method=org.apache.maven.model.interpolation.StringSearchModelInterpolator$InterpolateObjectAction$MapField.doInterpolate(Ljava/lang/Object;Lorg/apache/maven/model/interpolation
Event: 8,436 Thread 0x00007fc96c00a000 Uncommon trap: reason=unstable_if action=reinterpret pc=0x00007fc95d9aeedc method=org.eclipse.sisu.plexus.RealmFilteredBeans$FilteredItr.hasNext()Z @ 44
Event: 8,553 Thread 0x00007fc96c00a000 Uncommon trap: reason=bimorphic action=maybe_recompile pc=0x00007fc95d6146e4 method=java.util.regex.Pattern$CharProperty.match(Ljava/util/regex/Matcher;ILjava/lang/CharSequence;)Z @ 37
Event: 9,618 Thread 0x00007fc96c00a000 Uncommon trap: reason=unstable_if action=reinterpret pc=0x00007fc95d64271c method=java.util.LinkedHashMap.afterNodeInsertion(Z)V @ 18
Event: 10,157 Thread 0x00007fc96c00a000 Uncommon trap: reason=bimorphic action=maybe_recompile pc=0x00007fc95d8b0b00 method=java.util.HashMap.putVal(ILjava/lang/Object;Ljava/lang/Object;ZZ)Ljava/lang/Object; @ 253
Event: 10,160 Thread 0x00007fc96c00a000 Uncommon trap: reason=bimorphic action=maybe_recompile pc=0x00007fc95d8b0b00 method=java.util.HashMap.putVal(ILjava/lang/Object;Ljava/lang/Object;ZZ)Ljava/lang/Object; @ 253
Event: 10,162 Thread 0x00007fc96c00a000 Uncommon trap: reason=bimorphic action=maybe_recompile pc=0x00007fc95d8b0b00 method=java.util.HashMap.putVal(ILjava/lang/Object;Ljava/lang/Object;ZZ)Ljava/lang/Object; @ 253
Event: 10,231 Thread 0x00007fc96c00a000 Uncommon trap: reason=bimorphic action=maybe_recompile pc=0x00007fc95d8b0b00 method=java.util.HashMap.putVal(ILjava/lang/Object;Ljava/lang/Object;ZZ)Ljava/lang/Object; @ 253
Event: 10,231 Thread 0x00007fc96c00a000 Uncommon trap: reason=bimorphic action=maybe_recompile pc=0x00007fc95d885c68 method=java.util.HashMap.putVal(ILjava/lang/Object;Ljava/lang/Object;ZZ)Ljava/lang/Object; @ 253
Event: 10,532 Thread 0x00007fc96c00a000 Uncommon trap: reason=unstable_if action=reinterpret pc=0x00007fc95db1351c method=com.sun.tools.javac.util.Name$Table.equals([BI[BII)Z @ 22

Internal exceptions (10 events):
Event: 7,132 Thread 0x00007fc96c00a000 Exception <a 'java/lang/NullPointerException'> (0x00000000eeabbca8) thrown at [/HUDSON3/workspace/8-2-build-linux-amd64/jdk8u111/7883/hotspot/src/share/vm/interpreter/linkResolver.cpp, line 1178]
Event: 7,132 Thread 0x00007fc96c00a000 Exception <a 'java/lang/NullPointerException'> (0x00000000eeabc0a8) thrown at [/HUDSON3/workspace/8-2-build-linux-amd64/jdk8u111/7883/hotspot/src/share/vm/interpreter/linkResolver.cpp, line 1178]
Event: 7,132 Thread 0x00007fc96c00a000 Exception <a 'java/lang/NullPointerException'> (0x00000000eeabca60) thrown at [/HUDSON3/workspace/8-2-build-linux-amd64/jdk8u111/7883/hotspot/src/share/vm/interpreter/linkResolver.cpp, line 1178]
Event: 7,132 Thread 0x00007fc96c00a000 Exception <a 'java/lang/NullPointerException'> (0x00000000eeabce60) thrown at [/HUDSON3/workspace/8-2-build-linux-amd64/jdk8u111/7883/hotspot/src/share/vm/interpreter/linkResolver.cpp, line 1178]
Event: 7,132 Thread 0x00007fc96c00a000 Exception <a 'java/lang/NullPointerException'> (0x00000000eeabd260) thrown at [/HUDSON3/workspace/8-2-build-linux-amd64/jdk8u111/7883/hotspot/src/share/vm/interpreter/linkResolver.cpp, line 1178]
Event: 8,676 Thread 0x00007fc96c00a000 Exception <a 'java/lang/ClassNotFoundException': com/sun/tools/javac/api/JavacTool> (0x00000000ee05cc98) thrown at [/HUDSON3/workspace/8-2-build-linux-amd64/jdk8u111/7883/hotspot/src/share/vm/classfile/systemDictionary.cpp, line 210]
Event: 9,935 Thread 0x00007fc96c00a000 Exception <a 'java/io/FileNotFoundException'> (0x00000000ef1262f0) thrown at [/HUDSON3/workspace/8-2-build-linux-amd64/jdk8u111/7883/hotspot/src/share/vm/prims/jni.cpp, line 709]
Event: 9,994 Thread 0x00007fc96c00a000 Exception <a 'java/io/FileNotFoundException'> (0x00000000ef15ae00) thrown at [/HUDSON3/workspace/8-2-build-linux-amd64/jdk8u111/7883/hotspot/src/share/vm/prims/jni.cpp, line 709]
Event: 10,492 Thread 0x00007fc96c00a000 Exception <a 'java/io/FileNotFoundException'> (0x00000000efb1a990) thrown at [/HUDSON3/workspace/8-2-build-linux-amd64/jdk8u111/7883/hotspot/src/share/vm/prims/jni.cpp, line 709]
Event: 10,492 Thread 0x00007fc96c00a000 Exception <a 'java/io/FileNotFoundException'> (0x00000000efb1bf00) thrown at [/HUDSON3/workspace/8-2-build-linux-amd64/jdk8u111/7883/hotspot/src/share/vm/prims/jni.cpp, line 709]

Events (10 events):
Event: 11,912 Thread 0x00007fc96c00a000 DEOPT UNPACKING pc=0x00007fc95d047633 sp=0x00007fc9757aef30 mode 0
Event: 11,912 Thread 0x00007fc96c00a000 DEOPT PACKING pc=0x00007fc95d7c5833 sp=0x00007fc9757af210
Event: 11,912 Thread 0x00007fc96c00a000 DEOPT UNPACKING pc=0x00007fc95d047633 sp=0x00007fc9757aef30 mode 0
Event: 12,716 Thread 0x00007fc96c00a000 DEOPT PACKING pc=0x00007fc95d7c57be sp=0x00007fc9757af1c0
Event: 12,716 Thread 0x00007fc96c00a000 DEOPT UNPACKING pc=0x00007fc95d047633 sp=0x00007fc9757aeee0 mode 0
Event: 14,820 Thread 0x00007fc96c00a000 DEOPT PACKING pc=0x00007fc95dc75164 sp=0x00007fc9757adfa0
Event: 14,820 Thread 0x00007fc96c00a000 DEOPT UNPACKING pc=0x00007fc95d047633 sp=0x00007fc9757add28 mode 0
Event: 21,403 Thread 0x00007fc96c00a000 DEOPT PACKING pc=0x00007fc95d5f3c63 sp=0x00007fc9757aed00
Event: 21,403 Thread 0x00007fc96c00a000 DEOPT UNPACKING pc=0x00007fc95d047633 sp=0x00007fc9757aea78 mode 0
Event: 21,627 Executing VM operation: ParallelGCFailedAllocation


Dynamic libraries:
00400000-00401000 r-xp 00000000 08:07 925949                             /usr/lib/jvm/java-8-oracle/bin/java
00600000-00601000 rw-p 00000000 08:07 925949                             /usr/lib/jvm/java-8-oracle/bin/java
0104c000-0106d000 rw-p 00000000 00:00 0                                  [heap]
c3a00000-c5e80000 rw-p 00000000 00:00 0 
c5e80000-ebe00000 ---p 00000000 00:00 0 
ebe00000-f4e00000 rw-p 00000000 00:00 0 
fa800000-100000000 ---p 00000000 00:00 0 
100000000-100360000 rw-p 00000000 00:00 0 
100360000-140000000 ---p 00000000 00:00 0 
7fc91c000000-7fc91c021000 rw-p 00000000 00:00 0 
7fc91c021000-7fc920000000 ---p 00000000 00:00 0 
7fc920000000-7fc920021000 rw-p 00000000 00:00 0 
7fc920021000-7fc924000000 ---p 00000000 00:00 0 
7fc924000000-7fc924021000 rw-p 00000000 00:00 0 
7fc924021000-7fc928000000 ---p 00000000 00:00 0 
7fc928000000-7fc928021000 rw-p 00000000 00:00 0 
7fc928021000-7fc92c000000 ---p 00000000 00:00 0 
7fc92c000000-7fc92db60000 rw-p 00000000 00:00 0 
7fc92db60000-7fc930000000 ---p 00000000 00:00 0 
7fc930000000-7fc930b14000 rw-p 00000000 00:00 0 
7fc930b14000-7fc934000000 ---p 00000000 00:00 0 
7fc934000000-7fc934021000 rw-p 00000000 00:00 0 
7fc934021000-7fc938000000 ---p 00000000 00:00 0 
7fc938000000-7fc93a0a3000 rw-p 00000000 00:00 0 
7fc93a0a3000-7fc93c000000 ---p 00000000 00:00 0 
7fc93c000000-7fc93c021000 rw-p 00000000 00:00 0 
7fc93c021000-7fc940000000 ---p 00000000 00:00 0 
7fc940000000-7fc940021000 rw-p 00000000 00:00 0 
7fc940021000-7fc944000000 ---p 00000000 00:00 0 
7fc944000000-7fc944021000 rw-p 00000000 00:00 0 
7fc944021000-7fc948000000 ---p 00000000 00:00 0 
7fc948000000-7fc94828d000 rw-p 00000000 00:00 0 
7fc94828d000-7fc94c000000 ---p 00000000 00:00 0 
7fc94c000000-7fc94c021000 rw-p 00000000 00:00 0 
7fc94c021000-7fc950000000 ---p 00000000 00:00 0 
7fc950000000-7fc950021000 rw-p 00000000 00:00 0 
7fc950021000-7fc954000000 ---p 00000000 00:00 0 
7fc954000000-7fc954021000 rw-p 00000000 00:00 0 
7fc954021000-7fc958000000 ---p 00000000 00:00 0 
7fc9580aa000-7fc9580b1000 r--s 00000000 08:07 656825                     /usr/lib/x86_64-linux-gnu/gconv/gconv-modules.cache
7fc9580b1000-7fc9580d3000 r--p 00000000 08:07 797222                     /usr/share/locale-langpack/pt_BR/LC_MESSAGES/libc.mo
7fc9580d3000-7fc958253000 rw-p 00000000 00:00 0 
7fc958253000-7fc9582d3000 ---p 00000000 00:00 0 
7fc9582dc000-7fc9584dd000 rw-p 00000000 00:00 0 
7fc9584dd000-7fc958555000 r--s 010e6000 08:07 274002                     /usr/lib/jvm/java-8-oracle/lib/tools.jar
7fc958555000-7fc958556000 r--s 00004000 08:08 7864423                    /home/junior/.m2/repository/org/codehaus/plexus/plexus-compiler-javac/2.7/plexus-compiler-javac-2.7.jar
7fc958556000-7fc958558000 r--s 00000000 08:08 7864421                    /home/junior/.m2/repository/org/codehaus/plexus/plexus-compiler-manager/2.7/plexus-compiler-manager-2.7.jar
7fc958558000-7fc95855a000 r--s 00005000 08:08 7864419                    /home/junior/.m2/repository/org/codehaus/plexus/plexus-compiler-api/2.7/plexus-compiler-api-2.7.jar
7fc95855a000-7fc95855c000 r--s 00002000 08:08 7736103                    /home/junior/.m2/repository/org/apache/maven/shared/maven-shared-incremental/1.1/maven-shared-incremental-1.1.jar
7fc95855c000-7fc95855e000 r--s 00006000 08:08 7736101                    /home/junior/.m2/repository/com/google/code/findbugs/jsr305/2.0.1/jsr305-2.0.1.jar
7fc95855e000-7fc958562000 r--s 0002a000 08:08 7736099                    /home/junior/.m2/repository/commons-io/commons-io/2.4/commons-io-2.4.jar
7fc958562000-7fc958565000 r--s 00023000 08:08 7736097                    /home/junior/.m2/repository/org/apache/maven/shared/maven-shared-utils/3.0.0/maven-shared-utils-3.0.0.jar
7fc958565000-7fc958567000 r--s 00002000 08:08 7736093                    /home/junior/.m2/repository/org/sonatype/plexus/plexus-cipher/1.4/plexus-cipher-1.4.jar
7fc958567000-7fc958568000 r--s 00006000 08:08 7736091                    /home/junior/.m2/repository/org/sonatype/plexus/plexus-sec-dispatcher/1.3/plexus-sec-dispatcher-1.3.jar
7fc958568000-7fc95856a000 r--s 00000000 08:08 7736089                    /home/junior/.m2/repository/org/codehaus/plexus/plexus-component-annotations/1.5.5/plexus-component-annotations-1.5.5.jar
7fc95856a000-7fc95856c000 r--s 0000d000 08:08 7736085                    /home/junior/.m2/repository/org/codehaus/plexus/plexus-interpolation/1.14/plexus-interpolation-1.14.jar
7fc95856c000-7fc958570000 r--s 00017000 08:08 7736083                    /home/junior/.m2/repository/org/sonatype/aether/aether-util/1.7/aether-util-1.7.jar
7fc958570000-7fc958574000 r--s 00033000 08:08 7736063                    /home/junior/.m2/repository/org/codehaus/plexus/plexus-utils/2.0.4/plexus-utils-2.0.4.jar
7fc958574000-7fc95857f000 r--s 00069000 08:08 7736059                    /home/junior/.m2/repository/org/sonatype/sisu/sisu-guice/2.1.7/sisu-guice-2.1.7-noaop.jar
7fc95857f000-7fc958584000 r--s 00021000 08:08 7736057                    /home/junior/.m2/repository/org/sonatype/sisu/sisu-inject-bean/1.4.2/sisu-inject-bean-1.4.2.jar
7fc958584000-7fc958586000 r--s 0000b000 08:08 7735365                    /home/junior/.m2/repository/org/apache/maven/plugins/maven-compiler-plugin/3.5.1/maven-compiler-plugin-3.5.1.jar
7fc958586000-7fc958786000 rw-p 00000000 00:00 0 
7fc958786000-7fc958788000 r--s 0000d000 08:08 7864769                    /home/junior/.m2/repository/org/codehaus/plexus/plexus-interpolation/1.13/plexus-interpolation-1.13.jar
7fc958788000-7fc958789000 r--s 00001000 08:08 7864767                    /home/junior/.m2/repository/org/sonatype/plexus/plexus-build-api/0.0.4/plexus-build-api-0.0.4.jar
7fc958789000-7fc95878c000 ---p 00000000 00:00 0 
7fc95878c000-7fc958a8a000 rw-p 00000000 00:00 0                          [stack:6954]
7fc958a8a000-7fc958a8d000 ---p 00000000 00:00 0 
7fc958a8d000-7fc958b8b000 rw-p 00000000 00:00 0                          [stack:6953]
7fc958b8b000-7fc958ba2000 r-xp 00000000 08:07 135232                     /lib/x86_64-linux-gnu/libresolv-2.19.so
7fc958ba2000-7fc958da2000 ---p 00017000 08:07 135232                     /lib/x86_64-linux-gnu/libresolv-2.19.so
7fc958da2000-7fc958da3000 r--p 00017000 08:07 135232                     /lib/x86_64-linux-gnu/libresolv-2.19.so
7fc958da3000-7fc958da4000 rw-p 00018000 08:07 135232                     /lib/x86_64-linux-gnu/libresolv-2.19.so
7fc958da4000-7fc958da6000 rw-p 00000000 00:00 0 
7fc958da6000-7fc958dab000 r-xp 00000000 08:07 135179                     /lib/x86_64-linux-gnu/libnss_dns-2.19.so
7fc958dab000-7fc958faa000 ---p 00005000 08:07 135179                     /lib/x86_64-linux-gnu/libnss_dns-2.19.so
7fc958faa000-7fc958fab000 r--p 00004000 08:07 135179                     /lib/x86_64-linux-gnu/libnss_dns-2.19.so
7fc958fab000-7fc958fac000 rw-p 00005000 08:07 135179                     /lib/x86_64-linux-gnu/libnss_dns-2.19.so
7fc958fac000-7fc958fae000 r-xp 00000000 08:07 135187                     /lib/x86_64-linux-gnu/libnss_mdns4_minimal.so.2
7fc958fae000-7fc9591ad000 ---p 00002000 08:07 135187                     /lib/x86_64-linux-gnu/libnss_mdns4_minimal.so.2
7fc9591ad000-7fc9591ae000 r--p 00001000 08:07 135187                     /lib/x86_64-linux-gnu/libnss_mdns4_minimal.so.2
7fc9591ae000-7fc9591af000 rw-p 00002000 08:07 135187                     /lib/x86_64-linux-gnu/libnss_mdns4_minimal.so.2
7fc9591af000-7fc9591b1000 r--s 00009000 08:08 7864765                    /home/junior/.m2/repository/org/apache/maven/shared/maven-filtering/1.1/maven-filtering-1.1.jar
7fc9591b1000-7fc9591b5000 r--s 00033000 08:08 7736130                    /home/junior/.m2/repository/org/codehaus/plexus/plexus-utils/2.0.5/plexus-utils-2.0.5.jar
7fc9591b5000-7fc9591b8000 r--s 0001b000 08:08 7736120                    /home/junior/.m2/repository/junit/junit/3.8.1/junit-3.8.1.jar
7fc9591b8000-7fc9591ba000 r--s 00002000 08:08 7736124                    /home/junior/.m2/repository/org/codehaus/plexus/plexus-interactivity-api/1.0-alpha-4/plexus-interactivity-api-1.0-alpha-4.jar
7fc9591ba000-7fc9591bc000 r--s 00006000 08:08 7864699                    /home/junior/.m2/repository/commons-cli/commons-cli/1.0/commons-cli-1.0.jar
7fc9591bc000-7fc9591bd000 r--s 00001000 08:08 7864695                    /home/junior/.m2/repository/org/apache/maven/doxia/doxia-sink-api/1.0-alpha-7/doxia-sink-api-1.0-alpha-7.jar
7fc9591bd000-7fc9591be000 r--s 00002000 08:08 7864693                    /home/junior/.m2/repository/org/apache/maven/reporting/maven-reporting-api/2.0.6/maven-reporting-api-2.0.6.jar
7fc9591be000-7fc9591c4000 r--s 0003f000 08:07 926084                     /usr/lib/jvm/java-8-oracle/jre/lib/ext/sunjce_provider.jar
7fc9591c4000-7fc9593c4000 rw-p 00000000 00:00 0 
7fc9593c4000-7fc9593da000 r-xp 00000000 08:07 135133                     /lib/x86_64-linux-gnu/libgcc_s.so.1
7fc9593da000-7fc9595d9000 ---p 00016000 08:07 135133                     /lib/x86_64-linux-gnu/libgcc_s.so.1
7fc9595d9000-7fc9595da000 rw-p 00015000 08:07 135133                     /lib/x86_64-linux-gnu/libgcc_s.so.1
7fc9595da000-7fc9595dc000 r--s 00006000 08:08 7472932                    /home/junior/.m2/repository/org/apache/maven/plugins/maven-resources-plugin/2.6/maven-resources-plugin-2.6.jar
7fc9595dc000-7fc9595ef000 r--s 00345000 08:07 926253                     /usr/lib/jvm/java-8-oracle/jre/lib/resources.jar
7fc9595ef000-7fc959621000 r-xp 00000000 08:07 926125                     /usr/lib/jvm/java-8-oracle/jre/lib/amd64/libsunec.so
7fc959621000-7fc959820000 ---p 00032000 08:07 926125                     /usr/lib/jvm/java-8-oracle/jre/lib/amd64/libsunec.so
7fc959820000-7fc959826000 rw-p 00031000 08:07 926125                     /usr/lib/jvm/java-8-oracle/jre/lib/amd64/libsunec.so
7fc959826000-7fc959836000 rw-p 00000000 00:00 0 
7fc959836000-7fc959838000 r--s 00009000 08:07 926087                     /usr/lib/jvm/java-8-oracle/jre/lib/ext/sunec.jar
7fc959838000-7fc95983c000 r--s 0003a000 08:07 926085                     /usr/lib/jvm/java-8-oracle/jre/lib/ext/sunpkcs11.jar
7fc95983c000-7fc95983f000 r--s 0001a000 08:07 926018                     /usr/lib/jvm/java-8-oracle/jre/lib/jce.jar
7fc95983f000-7fc959850000 r-xp 00000000 08:07 926112                     /usr/lib/jvm/java-8-oracle/jre/lib/amd64/libnio.so
7fc959850000-7fc959a4f000 ---p 00011000 08:07 926112                     /usr/lib/jvm/java-8-oracle/jre/lib/amd64/libnio.so
7fc959a4f000-7fc959a50000 rw-p 00010000 08:07 926112                     /usr/lib/jvm/java-8-oracle/jre/lib/amd64/libnio.so
7fc959a50000-7fc959a66000 r-xp 00000000 08:07 926111                     /usr/lib/jvm/java-8-oracle/jre/lib/amd64/libnet.so
7fc959a66000-7fc959c66000 ---p 00016000 08:07 926111                     /usr/lib/jvm/java-8-oracle/jre/lib/amd64/libnet.so
7fc959c66000-7fc959c67000 rw-p 00016000 08:07 926111                     /usr/lib/jvm/java-8-oracle/jre/lib/amd64/libnet.so
7fc959c67000-7fc959e67000 rw-p 00000000 00:00 0 
7fc959e67000-7fc959e6b000 r--s 00097000 08:07 926162                     /usr/lib/jvm/java-8-oracle/jre/lib/jsse.jar
7fc959e6b000-7fc95a06b000 rw-p 00000000 00:00 0 
7fc95a06b000-7fc95a26b000 rw-p 00000000 00:00 0 
7fc95a26b000-7fc95a275000 r--s 00116000 08:07 926091                     /usr/lib/jvm/java-8-oracle/jre/lib/ext/localedata.jar
7fc95a275000-7fc95a291000 r--s 00393000 08:07 926089                     /usr/lib/jvm/java-8-oracle/jre/lib/ext/cldrdata.jar
7fc95a291000-7fc95a292000 r--s 00002000 08:08 6554795                    /home/junior/.p2/pool/plugins/org.eclipse.m2e.maven.runtime.slf4j.simple_1.7.0.20160603-1931/jars/slf4j-simple-1.7.5.jar
7fc95a292000-7fc95a297000 r--s 00041000 08:08 6686184                    /home/junior/.p2/pool/plugins/org.eclipse.m2e.maven.runtime_1.7.0.20160603-1931/jars/commons-lang-2.6.jar
7fc95a297000-7fc95a298000 r--s 00002000 08:08 6686212                    /home/junior/.p2/pool/plugins/org.eclipse.m2e.maven.runtime_1.7.0.20160603-1931/jars/wagon-file-2.10.jar
7fc95a298000-7fc95a29a000 r--s 00005000 08:08 6686180                    /home/junior/.p2/pool/plugins/org.eclipse.m2e.maven.runtime_1.7.0.20160603-1931/jars/aether-transport-wagon-1.0.2.v20150114.jar
7fc95a29a000-7fc95a29b000 r--s 00008000 08:08 6686176                    /home/junior/.p2/pool/plugins/org.eclipse.m2e.maven.runtime_1.7.0.20160603-1931/jars/aether-connector-basic-1.0.2.v20150114.jar
7fc95a29b000-7fc95a29d000 r--s 0000f000 08:08 6686202                    /home/junior/.p2/pool/plugins/org.eclipse.m2e.maven.runtime_1.7.0.20160603-1931/jars/okio-1.6.0.jar
7fc95a29d000-7fc95a2a2000 r--s 00049000 08:08 6686201                    /home/junior/.p2/pool/plugins/org.eclipse.m2e.maven.runtime_1.7.0.20160603-1931/jars/okhttp-2.5.0.jar
7fc95a2a2000-7fc95a2a4000 r--s 0000b000 08:08 6686177                    /home/junior/.p2/pool/plugins/org.eclipse.m2e.maven.runtime_1.7.0.20160603-1931/jars/aether-connector-okhttp-0.16.0.jar
7fc95a2a4000-7fc95a2a6000 r--s 00006000 08:08 6686179                    /home/junior/.p2/pool/plugins/org.eclipse.m2e.maven.runtime_1.7.0.20160603-1931/jars/aether-spi-1.0.2.v20150114.jar
7fc95a2a6000-7fc95a2aa000 r--s 00027000 08:08 6686178                    /home/junior/.p2/pool/plugins/org.eclipse.m2e.maven.runtime_1.7.0.20160603-1931/jars/aether-impl-1.0.2.v20150114.jar
7fc95a2aa000-7fc95a2d5000 r--s 001fc000 08:08 6686186                    /home/junior/.p2/pool/plugins/org.eclipse.m2e.maven.runtime_1.7.0.20160603-1931/jars/guava-18.0.jar
7fc95a2d5000-7fc95a2dd000 r--s 00055000 08:08 6686203                    /home/junior/.p2/pool/plugins/org.eclipse.m2e.maven.runtime_1.7.0.20160603-1931/jars/org.eclipse.sisu.inject-0.3.2.jar
7fc95a2dd000-7fc95a2de000 r--s 00001000 08:08 6686188                    /home/junior/.p2/pool/plugins/org.eclipse.m2e.maven.runtime_1.7.0.20160603-1931/jars/jsr250-api-1.0.jar
7fc95a2de000-7fc95a2e4000 r--s 0002d000 08:08 6686204                    /home/junior/.p2/pool/plugins/org.eclipse.m2e.maven.runtime_1.7.0.20160603-1931/jars/org.eclipse.sisu.plexus-0.3.2.jar
7fc95a2e4000-7fc95a2e5000 ---p 00000000 00:00 0 
7fc95a2e5000-7fc95a3e5000 rw-p 00000000 00:00 0                          [stack:6952]
7fc95a3e5000-7fc95a3e8000 ---p 00000000 00:00 0 
7fc95a3e8000-7fc95a4e6000 rw-p 00000000 00:00 0                          [stack:6951]
7fc95a4e6000-7fc95a4e9000 ---p 00000000 00:00 0 
7fc95a4e9000-7fc95a5e7000 rw-p 00000000 00:00 0                          [stack:6950]
7fc95a5e7000-7fc95a5ea000 ---p 00000000 00:00 0 
7fc95a5ea000-7fc95a6e8000 rw-p 00000000 00:00 0                          [stack:6949]
7fc95a6e8000-7fc95a6eb000 ---p 00000000 00:00 0 
7fc95a6eb000-7fc95a7e9000 rw-p 00000000 00:00 0                          [stack:6948]
7fc95a7e9000-7fc95a7ec000 ---p 00000000 00:00 0 
7fc95a7ec000-7fc95a8ea000 rw-p 00000000 00:00 0                          [stack:6947]
7fc95a8ea000-7fc95afce000 r--p 00000000 08:07 397830                     /usr/lib/locale/locale-archive
7fc95afce000-7fc95afd1000 ---p 00000000 00:00 0 
7fc95afd1000-7fc95b0cf000 rw-p 00000000 00:00 0                          [stack:6946]
7fc95b0cf000-7fc95b0d2000 ---p 00000000 00:00 0 
7fc95b0d2000-7fc95d000000 rw-p 00000000 00:00 0                          [stack:6945]
7fc95d000000-7fc95dd80000 rwxp 00000000 00:00 0 
7fc95dd80000-7fc96c000000 ---p 00000000 00:00 0 
7fc96c000000-7fc96d362000 rw-p 00000000 00:00 0 
7fc96d362000-7fc970000000 ---p 00000000 00:00 0 
7fc970000000-7fc970003000 r--s 00008000 08:08 6686182                    /home/junior/.p2/pool/plugins/org.eclipse.m2e.maven.runtime_1.7.0.20160603-1931/jars/cdi-api-1.0.jar
7fc970003000-7fc970006000 r--s 0000b000 08:08 6686213                    /home/junior/.p2/pool/plugins/org.eclipse.m2e.maven.runtime_1.7.0.20160603-1931/jars/wagon-provider-api-2.10.jar
7fc970006000-7fc97000c000 r--s 00041000 08:08 6686192                    /home/junior/.p2/pool/plugins/org.eclipse.m2e.maven.runtime_1.7.0.20160603-1931/jars/maven-compat-3.3.9.jar
7fc97000c000-7fc97000e000 r--s 00009000 08:08 6686183                    /home/junior/.p2/pool/plugins/org.eclipse.m2e.maven.runtime_1.7.0.20160603-1931/jars/commons-cli-1.2.jar
7fc97000e000-7fc970010000 r--s 00002000 08:08 6686206                    /home/junior/.p2/pool/plugins/org.eclipse.m2e.maven.runtime_1.7.0.20160603-1931/jars/plexus-cipher-1.7.jar
7fc970010000-7fc970013000 r--s 00013000 08:08 6686194                    /home/junior/.p2/pool/plugins/org.eclipse.m2e.maven.runtime_1.7.0.20160603-1931/jars/maven-embedder-3.3.9.jar
7fc970013000-7fc97001a000 r--s 00064000 08:08 6686185                    /home/junior/.p2/pool/plugins/org.eclipse.m2e.maven.runtime_1.7.0.20160603-1931/jars/commons-lang3-3.4.jar
7fc97001a000-7fc97001c000 r--s 00000000 08:08 6686208                    /home/junior/.p2/pool/plugins/org.eclipse.m2e.maven.runtime_1.7.0.20160603-1931/jars/plexus-component-annotations-1.6.jar
7fc97001c000-7fc970020000 r--s 00038000 08:08 6686211                    /home/junior/.p2/pool/plugins/org.eclipse.m2e.maven.runtime_1.7.0.20160603-1931/jars/plexus-utils-3.0.22.jar
7fc970020000-7fc970023000 r--s 0000d000 08:08 6686209                    /home/junior/.p2/pool/plugins/org.eclipse.m2e.maven.runtime_1.7.0.20160603-1931/jars/plexus-interpolation-1.21.jar
7fc970023000-7fc97002c000 r--s 0005f000 08:08 6686187                    /home/junior/.p2/pool/plugins/org.eclipse.m2e.maven.runtime_1.7.0.20160603-1931/jars/guice-4.0-no_aop.jar
7fc97002c000-7fc970030000 r--s 00020000 08:08 6686181                    /home/junior/.p2/pool/plugins/org.eclipse.m2e.maven.runtime_1.7.0.20160603-1931/jars/aether-util-1.0.2.v20150114.jar
7fc970030000-7fc970035000 r--s 0001d000 08:08 6686175                    /home/junior/.p2/pool/plugins/org.eclipse.m2e.maven.runtime_1.7.0.20160603-1931/jars/aether-api-1.0.2.v20150114.jar
7fc970035000-7fc970042000 r--s 0008f000 08:08 6686193                    /home/junior/.p2/pool/plugins/org.eclipse.m2e.maven.runtime_1.7.0.20160603-1931/jars/maven-core-3.3.9.jar
7fc970042000-7fc970043000 ---p 00000000 00:00 0 
7fc970043000-7fc971104000 rw-p 00000000 00:00 0                          [stack:6944]
7fc971104000-7fc9712dc000 r--s 03d2a000 08:07 926070                     /usr/lib/jvm/java-8-oracle/jre/lib/rt.jar
7fc9712dc000-7fc971d35000 rw-p 00000000 00:00 0 
7fc971d35000-7fc971d36000 ---p 00000000 00:00 0 
7fc971d36000-7fc971e36000 rw-p 00000000 00:00 0                          [stack:6942]
7fc971e36000-7fc971e37000 ---p 00000000 00:00 0 
7fc971e37000-7fc971f37000 rw-p 00000000 00:00 0                          [stack:6941]
7fc971f37000-7fc971f38000 ---p 00000000 00:00 0 
7fc971f38000-7fc972038000 rw-p 00000000 00:00 0                          [stack:6940]
7fc972038000-7fc972039000 ---p 00000000 00:00 0 
7fc972039000-7fc97214c000 rw-p 00000000 00:00 0                          [stack:6939]
7fc97214c000-7fc97227b000 ---p 00000000 00:00 0 
7fc97227b000-7fc97228e000 rw-p 00000000 00:00 0 
7fc97228e000-7fc9723bd000 ---p 00000000 00:00 0 
7fc9723bd000-7fc972405000 rw-p 00000000 00:00 0 
7fc972405000-7fc97245e000 ---p 00000000 00:00 0 
7fc97245e000-7fc972495000 rw-p 00000000 00:00 0 
7fc972495000-7fc97281f000 ---p 00000000 00:00 0 
7fc97281f000-7fc972839000 r-xp 00000000 08:07 926102                     /usr/lib/jvm/java-8-oracle/jre/lib/amd64/libzip.so
7fc972839000-7fc972a39000 ---p 0001a000 08:07 926102                     /usr/lib/jvm/java-8-oracle/jre/lib/amd64/libzip.so
7fc972a39000-7fc972a3a000 rw-p 0001a000 08:07 926102                     /usr/lib/jvm/java-8-oracle/jre/lib/amd64/libzip.so
7fc972a3a000-7fc972a45000 r-xp 00000000 08:07 135181                     /lib/x86_64-linux-gnu/libnss_files-2.19.so
7fc972a45000-7fc972c44000 ---p 0000b000 08:07 135181                     /lib/x86_64-linux-gnu/libnss_files-2.19.so
7fc972c44000-7fc972c45000 r--p 0000a000 08:07 135181                     /lib/x86_64-linux-gnu/libnss_files-2.19.so
7fc972c45000-7fc972c46000 rw-p 0000b000 08:07 135181                     /lib/x86_64-linux-gnu/libnss_files-2.19.so
7fc972c46000-7fc972c51000 r-xp 00000000 08:07 135191                     /lib/x86_64-linux-gnu/libnss_nis-2.19.so
7fc972c51000-7fc972e50000 ---p 0000b000 08:07 135191                     /lib/x86_64-linux-gnu/libnss_nis-2.19.so
7fc972e50000-7fc972e51000 r--p 0000a000 08:07 135191                     /lib/x86_64-linux-gnu/libnss_nis-2.19.so
7fc972e51000-7fc972e52000 rw-p 0000b000 08:07 135191                     /lib/x86_64-linux-gnu/libnss_nis-2.19.so
7fc972e52000-7fc972e69000 r-xp 00000000 08:07 135175                     /lib/x86_64-linux-gnu/libnsl-2.19.so
7fc972e69000-7fc973068000 ---p 00017000 08:07 135175                     /lib/x86_64-linux-gnu/libnsl-2.19.so
7fc973068000-7fc973069000 r--p 00016000 08:07 135175                     /lib/x86_64-linux-gnu/libnsl-2.19.so
7fc973069000-7fc97306a000 rw-p 00017000 08:07 135175                     /lib/x86_64-linux-gnu/libnsl-2.19.so
7fc97306a000-7fc97306c000 rw-p 00000000 00:00 0 
7fc97306c000-7fc973075000 r-xp 00000000 08:07 135177                     /lib/x86_64-linux-gnu/libnss_compat-2.19.so
7fc973075000-7fc973274000 ---p 00009000 08:07 135177                     /lib/x86_64-linux-gnu/libnss_compat-2.19.so
7fc973274000-7fc973275000 r--p 00008000 08:07 135177                     /lib/x86_64-linux-gnu/libnss_compat-2.19.so
7fc973275000-7fc973276000 rw-p 00009000 08:07 135177                     /lib/x86_64-linux-gnu/libnss_compat-2.19.so
7fc973276000-7fc9732a1000 r-xp 00000000 08:07 926131                     /usr/lib/jvm/java-8-oracle/jre/lib/amd64/libjava.so
7fc9732a1000-7fc9734a0000 ---p 0002b000 08:07 926131                     /usr/lib/jvm/java-8-oracle/jre/lib/amd64/libjava.so
7fc9734a0000-7fc9734a2000 rw-p 0002a000 08:07 926131                     /usr/lib/jvm/java-8-oracle/jre/lib/amd64/libjava.so
7fc9734a2000-7fc9734af000 r-xp 00000000 08:07 926156                     /usr/lib/jvm/java-8-oracle/jre/lib/amd64/libverify.so
7fc9734af000-7fc9736ae000 ---p 0000d000 08:07 926156                     /usr/lib/jvm/java-8-oracle/jre/lib/amd64/libverify.so
7fc9736ae000-7fc9736b0000 rw-p 0000c000 08:07 926156                     /usr/lib/jvm/java-8-oracle/jre/lib/amd64/libverify.so
7fc9736b0000-7fc9736b7000 r-xp 00000000 08:07 135234                     /lib/x86_64-linux-gnu/librt-2.19.so
7fc9736b7000-7fc9738b6000 ---p 00007000 08:07 135234                     /lib/x86_64-linux-gnu/librt-2.19.so
7fc9738b6000-7fc9738b7000 r--p 00006000 08:07 135234                     /lib/x86_64-linux-gnu/librt-2.19.so
7fc9738b7000-7fc9738b8000 rw-p 00007000 08:07 135234                     /lib/x86_64-linux-gnu/librt-2.19.so
7fc9738b8000-7fc9739bd000 r-xp 00000000 08:07 135156                     /lib/x86_64-linux-gnu/libm-2.19.so
7fc9739bd000-7fc973bbc000 ---p 00105000 08:07 135156                     /lib/x86_64-linux-gnu/libm-2.19.so
7fc973bbc000-7fc973bbd000 r--p 00104000 08:07 135156                     /lib/x86_64-linux-gnu/libm-2.19.so
7fc973bbd000-7fc973bbe000 rw-p 00105000 08:07 135156                     /lib/x86_64-linux-gnu/libm-2.19.so
7fc973bbe000-7fc97488b000 r-xp 00000000 08:07 926121                     /usr/lib/jvm/java-8-oracle/jre/lib/amd64/server/libjvm.so
7fc97488b000-7fc974a8a000 ---p 00ccd000 08:07 926121                     /usr/lib/jvm/java-8-oracle/jre/lib/amd64/server/libjvm.so
7fc974a8a000-7fc974b63000 rw-p 00ccc000 08:07 926121                     /usr/lib/jvm/java-8-oracle/jre/lib/amd64/server/libjvm.so
7fc974b63000-7fc974bae000 rw-p 00000000 00:00 0 
7fc974bae000-7fc974d69000 r-xp 00000000 08:07 135106                     /lib/x86_64-linux-gnu/libc-2.19.so
7fc974d69000-7fc974f69000 ---p 001bb000 08:07 135106                     /lib/x86_64-linux-gnu/libc-2.19.so
7fc974f69000-7fc974f6d000 r--p 001bb000 08:07 135106                     /lib/x86_64-linux-gnu/libc-2.19.so
7fc974f6d000-7fc974f6f000 rw-p 001bf000 08:07 135106                     /lib/x86_64-linux-gnu/libc-2.19.so
7fc974f6f000-7fc974f74000 rw-p 00000000 00:00 0 
7fc974f74000-7fc974f77000 r-xp 00000000 08:07 135123                     /lib/x86_64-linux-gnu/libdl-2.19.so
7fc974f77000-7fc975176000 ---p 00003000 08:07 135123                     /lib/x86_64-linux-gnu/libdl-2.19.so
7fc975176000-7fc975177000 r--p 00002000 08:07 135123                     /lib/x86_64-linux-gnu/libdl-2.19.so
7fc975177000-7fc975178000 rw-p 00003000 08:07 135123                     /lib/x86_64-linux-gnu/libdl-2.19.so
7fc975178000-7fc97518d000 r-xp 00000000 08:07 396795                     /usr/lib/jvm/java-8-oracle/lib/amd64/jli/libjli.so
7fc97518d000-7fc97538d000 ---p 00015000 08:07 396795                     /usr/lib/jvm/java-8-oracle/lib/amd64/jli/libjli.so
7fc97538d000-7fc97538e000 rw-p 00015000 08:07 396795                     /usr/lib/jvm/java-8-oracle/lib/amd64/jli/libjli.so
7fc97538e000-7fc9753a7000 r-xp 00000000 08:07 135226                     /lib/x86_64-linux-gnu/libpthread-2.19.so
7fc9753a7000-7fc9755a6000 ---p 00019000 08:07 135226                     /lib/x86_64-linux-gnu/libpthread-2.19.so
7fc9755a6000-7fc9755a7000 r--p 00018000 08:07 135226                     /lib/x86_64-linux-gnu/libpthread-2.19.so
7fc9755a7000-7fc9755a8000 rw-p 00019000 08:07 135226                     /lib/x86_64-linux-gnu/libpthread-2.19.so
7fc9755a8000-7fc9755ac000 rw-p 00000000 00:00 0 
7fc9755ac000-7fc9755cf000 r-xp 00000000 08:07 135082                     /lib/x86_64-linux-gnu/ld-2.19.so
7fc9755cf000-7fc9755d1000 r--s 0000f000 08:08 6686189                    /home/junior/.p2/pool/plugins/org.eclipse.m2e.maven.runtime_1.7.0.20160603-1931/jars/maven-aether-provider-3.3.9.jar
7fc9755d1000-7fc9755d6000 r--s 00027000 08:08 6686196                    /home/junior/.p2/pool/plugins/org.eclipse.m2e.maven.runtime_1.7.0.20160603-1931/jars/maven-model-builder-3.3.9.jar
7fc9755d6000-7fc9755d8000 r--s 0000a000 08:08 6686197                    /home/junior/.p2/pool/plugins/org.eclipse.m2e.maven.runtime_1.7.0.20160603-1931/jars/maven-plugin-api-3.3.9.jar
7fc9755d8000-7fc9755da000 r--s 0000c000 08:08 6686190                    /home/junior/.p2/pool/plugins/org.eclipse.m2e.maven.runtime_1.7.0.20160603-1931/jars/maven-artifact-3.3.9.jar
7fc9755da000-7fc9756b2000 rw-p 00000000 00:00 0 
7fc9756b2000-7fc9756b5000 ---p 00000000 00:00 0 
7fc9756b5000-7fc9757b7000 rw-p 00000000 00:00 0                          [stack:6938]
7fc9757b7000-7fc9757b8000 r--s 00006000 08:08 6686210                    /home/junior/.p2/pool/plugins/org.eclipse.m2e.maven.runtime_1.7.0.20160603-1931/jars/plexus-sec-dispatcher-1.3.jar
7fc9757b8000-7fc9757b9000 r--s 00006000 08:08 6686198                    /home/junior/.p2/pool/plugins/org.eclipse.m2e.maven.runtime_1.7.0.20160603-1931/jars/maven-repository-metadata-3.3.9.jar
7fc9757b9000-7fc9757ba000 r--s 00003000 08:08 6686191                    /home/junior/.p2/pool/plugins/org.eclipse.m2e.maven.runtime_1.7.0.20160603-1931/jars/maven-builder-support-3.3.9.jar
7fc9757ba000-7fc9757bc000 r--s 00009000 08:08 6686200                    /home/junior/.p2/pool/plugins/org.eclipse.m2e.maven.runtime_1.7.0.20160603-1931/jars/maven-settings-builder-3.3.9.jar
7fc9757bc000-7fc9757bd000 r--s 0000a000 08:08 6686199                    /home/junior/.p2/pool/plugins/org.eclipse.m2e.maven.runtime_1.7.0.20160603-1931/jars/maven-settings-3.3.9.jar
7fc9757bd000-7fc9757c0000 r--s 00026000 08:08 6686195                    /home/junior/.p2/pool/plugins/org.eclipse.m2e.maven.runtime_1.7.0.20160603-1931/jars/maven-model-3.3.9.jar
7fc9757c0000-7fc9757c2000 r--s 0000b000 08:08 6686207                    /home/junior/.p2/pool/plugins/org.eclipse.m2e.maven.runtime_1.7.0.20160603-1931/jars/plexus-classworlds-2.5.2.jar
7fc9757c2000-7fc9757ca000 rw-s 00000000 08:07 540143                     /tmp/hsperfdata_junior/6932
7fc9757ca000-7fc9757cb000 rw-p 00000000 00:00 0 
7fc9757cb000-7fc9757cc000 ---p 00000000 00:00 0 
7fc9757cc000-7fc9757ce000 rw-p 00000000 00:00 0 
7fc9757ce000-7fc9757cf000 r--p 00022000 08:07 135082                     /lib/x86_64-linux-gnu/ld-2.19.so
7fc9757cf000-7fc9757d0000 rw-p 00023000 08:07 135082                     /lib/x86_64-linux-gnu/ld-2.19.so
7fc9757d0000-7fc9757d1000 rw-p 00000000 00:00 0 
7fff7e3c0000-7fff7e3e1000 rw-p 00000000 00:00 0                          [stack]
7fff7e3fc000-7fff7e3fe000 r-xp 00000000 00:00 0                          [vdso]
7fff7e3fe000-7fff7e400000 r--p 00000000 00:00 0                          [vvar]
ffffffffff600000-ffffffffff601000 r-xp 00000000 00:00 0                  [vsyscall]

VM Arguments:
jvm_args: -Dmaven.home=EMBEDDED -Dclassworlds.conf=/home/junior/workspaceR01/.metadata/.plugins/org.eclipse.m2e.launching/launches/m2conf6987811600007063923.tmp -Dmaven.multiModuleProjectDirectory=/home/junior/Downloads/R01-01-Rot-SimpleSorting-SimultaneousRecursive-Bubble-environment -Dfile.encoding=UTF-8 
java_command: org.codehaus.plexus.classworlds.launcher.Launcher -B install
java_class_path (initial): /home/junior/eclipse/jee-neon2/eclipse/../../../.p2/pool/plugins/org.eclipse.m2e.maven.runtime_1.7.0.20160603-1931/jars/plexus-classworlds-2.5.2.jar
Launcher Type: SUN_STANDARD

Environment Variables:
JAVA_HOME=/usr/lib/jvm/java-8-oracle
PATH=/usr/local/sbin:/usr/local/bin:/usr/sbin:/usr/bin:/sbin:/bin:/usr/games:/usr/local/games:/usr/lib/jvm/java-8-oracle/bin:/usr/lib/jvm/java-8-oracle/db/bin:/usr/lib/jvm/java-8-oracle/jre/bin
SHELL=/bin/bash
DISPLAY=:0.0

Signal Handlers:
SIGSEGV: [libjvm.so+0xac64b0], sa_mask[0]=11111111011111111101111111111110, sa_flags=SA_RESTART|SA_SIGINFO
SIGBUS: [libjvm.so+0xac64b0], sa_mask[0]=11111111011111111101111111111110, sa_flags=SA_RESTART|SA_SIGINFO
SIGFPE: [libjvm.so+0x91f950], sa_mask[0]=11111111011111111101111111111110, sa_flags=SA_RESTART|SA_SIGINFO
SIGPIPE: [libjvm.so+0x91f950], sa_mask[0]=11111111011111111101111111111110, sa_flags=SA_RESTART|SA_SIGINFO
SIGXFSZ: [libjvm.so+0x91f950], sa_mask[0]=11111111011111111101111111111110, sa_flags=SA_RESTART|SA_SIGINFO
SIGILL: [libjvm.so+0x91f950], sa_mask[0]=11111111011111111101111111111110, sa_flags=SA_RESTART|SA_SIGINFO
SIGUSR1: SIG_DFL, sa_mask[0]=00000000000000000000000000000000, sa_flags=none
SIGUSR2: [libjvm.so+0x920f80], sa_mask[0]=00100000000000000000000000000000, sa_flags=SA_RESTART|SA_SIGINFO
SIGHUP: [libjvm.so+0x922380], sa_mask[0]=11111111011111111101111111111110, sa_flags=SA_RESTART|SA_SIGINFO
SIGINT: [libjvm.so+0x922380], sa_mask[0]=11111111011111111101111111111110, sa_flags=SA_RESTART|SA_SIGINFO
SIGTERM: [libjvm.so+0x922380], sa_mask[0]=11111111011111111101111111111110, sa_flags=SA_RESTART|SA_SIGINFO
SIGQUIT: [libjvm.so+0x922380], sa_mask[0]=11111111011111111101111111111110, sa_flags=SA_RESTART|SA_SIGINFO


---------------  S Y S T E M  ---------------

OS:DISTRIB_ID=Ubuntu
DISTRIB_RELEASE=14.04
DISTRIB_CODENAME=trusty
DISTRIB_DESCRIPTION="Ubuntu 14.04.2 LTS"

uname:Linux 3.16.0-30-generic #40~14.04.1-Ubuntu SMP Thu Jan 15 17:43:14 UTC 2015 x86_64
libc:glibc 2.19 NPTL 2.19 
rlimit: STACK 8192k, CORE 0k, NPROC 15213, NOFILE 4096, AS infinity
load average:2,02 1,59 1,55

/proc/meminfo:
MemTotal:        3950076 kB
MemFree:          133248 kB
MemAvailable:      87776 kB
Buffers:             952 kB
Cached:           868408 kB
SwapCached:            0 kB
Active:          2844888 kB
Inactive:         803684 kB
Active(anon):    2822840 kB
Inactive(anon):   776072 kB
Active(file):      22048 kB
Inactive(file):    27612 kB
Unevictable:          48 kB
Mlocked:              48 kB
SwapTotal:             0 kB
SwapFree:              0 kB
Dirty:              1260 kB
Writeback:             0 kB
AnonPages:       2779660 kB
Mapped:           677428 kB
Shmem:            819240 kB
Slab:              62796 kB
SReclaimable:      28332 kB
SUnreclaim:        34464 kB
KernelStack:        9296 kB
PageTables:        41156 kB
NFS_Unstable:          0 kB
Bounce:                0 kB
WritebackTmp:          0 kB
CommitLimit:     1975036 kB
Committed_AS:    6959980 kB
VmallocTotal:   34359738367 kB
VmallocUsed:      348228 kB
VmallocChunk:   34359379828 kB
HardwareCorrupted:     0 kB
AnonHugePages:   1087488 kB
HugePages_Total:       0
HugePages_Free:        0
HugePages_Rsvd:        0
HugePages_Surp:        0
Hugepagesize:       2048 kB
DirectMap4k:       70212 kB
DirectMap2M:     2977792 kB
DirectMap1G:     1048576 kB


CPU:total 4 (2 cores per cpu, 2 threads per core) family 6 model 69 stepping 1, cmov, cx8, fxsr, mmx, sse, sse2, sse3, ssse3, sse4.1, sse4.2, popcnt, avx, avx2, aes, clmul, erms, lzcnt, ht, tsc, tscinvbit, bmi1, bmi2

/proc/cpuinfo:
processor	: 0
vendor_id	: GenuineIntel
cpu family	: 6
model		: 69
model name	: Intel(R) Core(TM) i5-4210U CPU @ 1.70GHz
stepping	: 1
microcode	: 0x1c
cpu MHz		: 1700.000
cache size	: 3072 KB
physical id	: 0
siblings	: 4
core id		: 0
cpu cores	: 2
apicid		: 0
initial apicid	: 0
fpu		: yes
fpu_exception	: yes
cpuid level	: 13
wp		: yes
flags		: fpu vme de pse tsc msr pae mce cx8 apic sep mtrr pge mca cmov pat pse36 clflush dts acpi mmx fxsr sse sse2 ss ht tm pbe syscall nx pdpe1gb rdtscp lm constant_tsc arch_perfmon pebs bts rep_good nopl xtopology nonstop_tsc aperfmperf eagerfpu pni pclmulqdq dtes64 monitor ds_cpl vmx est tm2 ssse3 fma cx16 xtpr pdcm pcid sse4_1 sse4_2 movbe popcnt tsc_deadline_timer aes xsave avx f16c rdrand lahf_lm abm ida arat epb xsaveopt pln pts dtherm tpr_shadow vnmi flexpriority ept vpid fsgsbase tsc_adjust bmi1 avx2 smep bmi2 erms invpcid
bogomips	: 3391.88
clflush size	: 64
cache_alignment	: 64
address sizes	: 39 bits physical, 48 bits virtual
power management:

processor	: 1
vendor_id	: GenuineIntel
cpu family	: 6
model		: 69
model name	: Intel(R) Core(TM) i5-4210U CPU @ 1.70GHz
stepping	: 1
microcode	: 0x1c
cpu MHz		: 1695.882
cache size	: 3072 KB
physical id	: 0
siblings	: 4
core id		: 1
cpu cores	: 2
apicid		: 2
initial apicid	: 2
fpu		: yes
fpu_exception	: yes
cpuid level	: 13
wp		: yes
flags		: fpu vme de pse tsc msr pae mce cx8 apic sep mtrr pge mca cmov pat pse36 clflush dts acpi mmx fxsr sse sse2 ss ht tm pbe syscall nx pdpe1gb rdtscp lm constant_tsc arch_perfmon pebs bts rep_good nopl xtopology nonstop_tsc aperfmperf eagerfpu pni pclmulqdq dtes64 monitor ds_cpl vmx est tm2 ssse3 fma cx16 xtpr pdcm pcid sse4_1 sse4_2 movbe popcnt tsc_deadline_timer aes xsave avx f16c rdrand lahf_lm abm ida arat epb xsaveopt pln pts dtherm tpr_shadow vnmi flexpriority ept vpid fsgsbase tsc_adjust bmi1 avx2 smep bmi2 erms invpcid
bogomips	: 3391.88
clflush size	: 64
cache_alignment	: 64
address sizes	: 39 bits physical, 48 bits virtual
power management:

processor	: 2
vendor_id	: GenuineIntel
cpu family	: 6
model		: 69
model name	: Intel(R) Core(TM) i5-4210U CPU @ 1.70GHz
stepping	: 1
microcode	: 0x1c
cpu MHz		: 1700.000
cache size	: 3072 KB
physical id	: 0
siblings	: 4
core id		: 0
cpu cores	: 2
apicid		: 1
initial apicid	: 1
fpu		: yes
fpu_exception	: yes
cpuid level	: 13
wp		: yes
flags		: fpu vme de pse tsc msr pae mce cx8 apic sep mtrr pge mca cmov pat pse36 clflush dts acpi mmx fxsr sse sse2 ss ht tm pbe syscall nx pdpe1gb rdtscp lm constant_tsc arch_perfmon pebs bts rep_good nopl xtopology nonstop_tsc aperfmperf eagerfpu pni pclmulqdq dtes64 monitor ds_cpl vmx est tm2 ssse3 fma cx16 xtpr pdcm pcid sse4_1 sse4_2 movbe popcnt tsc_deadline_timer aes xsave avx f16c rdrand lahf_lm abm ida arat epb xsaveopt pln pts dtherm tpr_shadow vnmi flexpriority ept vpid fsgsbase tsc_adjust bmi1 avx2 smep bmi2 erms invpcid
bogomips	: 3391.88
clflush size	: 64
cache_alignment	: 64
address sizes	: 39 bits physical, 48 bits virtual
power management:

processor	: 3
vendor_id	: GenuineIntel
cpu family	: 6
model		: 69
model name	: Intel(R) Core(TM) i5-4210U CPU @ 1.70GHz
stepping	: 1
microcode	: 0x1c
cpu MHz		: 1701.261
cache size	: 3072 KB
physical id	: 0
siblings	: 4
core id		: 1
cpu cores	: 2
apicid		: 3
initial apicid	: 3
fpu		: yes
fpu_exception	: yes
cpuid level	: 13
wp		: yes
flags		: fpu vme de pse tsc msr pae mce cx8 apic sep mtrr pge mca cmov pat pse36 clflush dts acpi mmx fxsr sse sse2 ss ht tm pbe syscall nx pdpe1gb rdtscp lm constant_tsc arch_perfmon pebs bts rep_good nopl xtopology nonstop_tsc aperfmperf eagerfpu pni pclmulqdq dtes64 monitor ds_cpl vmx est tm2 ssse3 fma cx16 xtpr pdcm pcid sse4_1 sse4_2 movbe popcnt tsc_deadline_timer aes xsave avx f16c rdrand lahf_lm abm ida arat epb xsaveopt pln pts dtherm tpr_shadow vnmi flexpriority ept vpid fsgsbase tsc_adjust bmi1 avx2 smep bmi2 erms invpcid
bogomips	: 3391.88
clflush size	: 64
cache_alignment	: 64
address sizes	: 39 bits physical, 48 bits virtual
power management:



Memory: 4k page, physical 3950076k(133248k free), swap 0k(0k free)

vm_info: Java HotSpot(TM) 64-Bit Server VM (25.111-b14) for linux-amd64 JRE (1.8.0_111-b14), built on Sep 22 2016 16:14:03 by "java_re" with gcc 4.3.0 20080428 (Red Hat 4.3.0-8)

time: Wed Nov 23 21:08:51 2016
elapsed time: 22 seconds (0d 0h 0m 22s)

