<?xml version="1.0" encoding="UTF-8" standalone="no"?>
<!DOCTYPE log SYSTEM "logger.dtd">
<log>
<record>
  <date>2017-02-20T14:25:17.319-0300</date>
  <logger>JOSE IVAN SILVA DA CRUZ JUNIOR</logger>
  <level>FINE</level>
  <message>File 115210700-JOSE IVAN SILVA DA CRUZ JUNIOR.zip was received. It was sent by JOSE IVAN SILVA DA CRUZ JUNIOR from IP 150.165.74.117</message>
</record>
</log>
<?xml version="1.0" encoding="UTF-8" standalone="no"?>
<!DOCTYPE log SYSTEM "logger.dtd">
<log>
<record>
  <date>2017-02-21T21:58:16.476-0300</date>
  <logger>JOSE IVAN SILVA DA CRUZ JUNIOR</logger>
  <level>FINE</level>
  <message>File 115210700-JOSE IVAN SILVA DA CRUZ JUNIOR.zip was received. It was sent by JOSE IVAN SILVA DA CRUZ JUNIOR from IP 127.0.1.1</message>
</record>
</log>
<?xml version="1.0" encoding="UTF-8" standalone="no"?>
<!DOCTYPE log SYSTEM "logger.dtd">
<log>
<record>
  <date>2017-02-22T00:41:11.655-0300</date>
  <logger>JOSE IVAN SILVA DA CRUZ JUNIOR</logger>
  <level>FINE</level>
  <message>File 115210700-JOSE IVAN SILVA DA CRUZ JUNIOR.zip was received. It was sent by JOSE IVAN SILVA DA CRUZ JUNIOR from IP 127.0.1.1</message>
</record>
</log>
<?xml version="1.0" encoding="UTF-8" standalone="no"?>
<!DOCTYPE log SYSTEM "logger.dtd">
<log>
<record>
  <date>2017-02-22T16:46:53.759-0300</date>
  <logger>JOSE IVAN SILVA DA CRUZ JUNIOR</logger>
  <level>FINE</level>
  <message>File 115210700-JOSE IVAN SILVA DA CRUZ JUNIOR.zip was received. It was sent by JOSE IVAN SILVA DA CRUZ JUNIOR from IP 127.0.1.1</message>
</record>
</log>
<?xml version="1.0" encoding="UTF-8" standalone="no"?>
<!DOCTYPE log SYSTEM "logger.dtd">
<log>
<record>
  <date>2017-02-22T16:52:54.143-0300</date>
  <logger>JOSE IVAN SILVA DA CRUZ JUNIOR</logger>
  <level>FINE</level>
  <message>File 115210700-JOSE IVAN SILVA DA CRUZ JUNIOR.zip was received. It was sent by JOSE IVAN SILVA DA CRUZ JUNIOR from IP 127.0.1.1</message>
</record>
