<?xml version="1.0" encoding="UTF-8" standalone="no"?>
<!DOCTYPE log SYSTEM "logger.dtd">
<head/><log>
<record>
  <date>2016-12-12T14:06:17.442-0300</date>
  <logger>JOSE IVAN SILVA DA CRUZ JUNIOR</logger>
  <level>FINE</level>
  <message>File 115210700-JOSE IVAN SILVA DA CRUZ JUNIOR.zip was received. It was sent by JOSE IVAN SILVA DA CRUZ JUNIOR from IP 127.0.1.1</message>
</record>
</log>
<?xml version="1.0" encoding="UTF-8" standalone="no"?>
<!DOCTYPE log SYSTEM "logger.dtd">
<log>
<record>
  <date>2016-12-12T22:47:10.142-0300</date>
  <logger>JOSE IVAN SILVA DA CRUZ JUNIOR</logger>
  <level>FINE</level>
  <message>File 115210700-JOSE IVAN SILVA DA CRUZ JUNIOR.zip was received. It was sent by JOSE IVAN SILVA DA CRUZ JUNIOR from IP 127.0.1.1</message>
</record>
</log>
<?xml version="1.0" encoding="UTF-8" standalone="no"?>
<!DOCTYPE log SYSTEM "logger.dtd">
<log>
<record>
  <date>2016-12-13T16:39:21.033-0300</date>
  <logger>JOSE IVAN SILVA DA CRUZ JUNIOR</logger>
  <level>FINE</level>
  <message>File 115210700-JOSE IVAN SILVA DA CRUZ JUNIOR.zip was received. It was sent by JOSE IVAN SILVA DA CRUZ JUNIOR from IP 127.0.1.1</message>
</record>
